2026-02-03 19:50:19,312 [INFO] app: App restarted. Sessions will be invalidated.
2026-02-03 19:52:50,213 [INFO] app: App restarted. Sessions will be invalidated.
2026-02-03 19:57:47,590 [INFO] app: App restarted. Sessions will be invalidated.
2026-02-03 20:16:03,350 [INFO] app: App restarted. Sessions will be invalidated.
2026-02-03 20:20:27,097 [INFO] app: App restarted. Sessions will be invalidated.
2026-02-03 20:24:25,371 [INFO] app: App restarted. Sessions will be invalidated.
2026-02-03 20:28:01,676 [INFO] app: App restarted. Sessions will be invalidated.
2026-02-03 20:38:01,487 [INFO] app: App restarted. Sessions will be invalidated.
2026-02-03 20:41:56,934 [INFO] app: App restarted. Sessions will be invalidated.
2026-02-03 20:43:46,908 [INFO] app: App restarted. Sessions will be invalidated.
2026-02-03 20:45:19,068 [INFO] app: App restarted. Sessions will be invalidated.
2026-02-03 20:46:49,525 [INFO] app: App restarted. Sessions will be invalidated.
2026-02-03 20:50:35,132 [INFO] app: App restarted. Sessions will be invalidated.
2026-02-03 20:55:49,526 [INFO] app: App restarted. Sessions will be invalidated.
2026-02-03 21:04:03,666 [INFO] app: App restarted. Sessions will be invalidated.
2026-02-03 21:06:44,343 [INFO] app: App restarted. Sessions will be invalidated.
2026-02-03 21:10:07,262 [INFO] app: App restarted. Sessions will be invalidated.
2026-02-03 21:15:08,371 [INFO] app: App restarted. Sessions will be invalidated.
2026-02-03 21:19:24,355 [INFO] app: App restarted. Sessions will be invalidated.
2026-02-03 21:26:48,970 [INFO] app: App restarted. Sessions will be invalidated.
2026-02-03 21:31:22,159 [INFO] app: App restarted. Sessions will be invalidated.
2026-02-03 21:34:21,678 [INFO] app: App restarted. Sessions will be invalidated.
2026-02-03 21:36:51,652 [INFO] app: App restarted. Sessions will be invalidated.
2026-02-03 21:39:14,949 [INFO] app: App restarted. Sessions will be invalidated.
2026-02-03 21:42:19,536 [INFO] app: App restarted. Sessions will be invalidated.
2026-02-03 21:44:21,624 [INFO] app: App restarted. Sessions will be invalidated.
2026-02-03 21:46:17,471 [INFO] app: App restarted. Sessions will be invalidated.
2026-02-03 21:50:20,194 [INFO] app: App restarted. Sessions will be invalidated.
2026-02-03 22:05:59,776 [INFO] app: App restarted. Sessions will be invalidated.
2026-02-03 22:17:22,966 [INFO] app: App restarted. Sessions will be invalidated.
2026-02-04 21:52:49,047 [INFO] app: App restarted. Sessions will be invalidated.
2026-02-23 20:18:46,291 [INFO] app: App restarted. Sessions will be invalidated.
2026-02-23 20:51:15,066 [INFO] app: App restarted. Sessions will be invalidated.
2026-02-23 21:50:48,126 [INFO] app: App restarted. Sessions will be invalidated.
2026-02-25 12:18:57,222 [INFO] web.app: App restarted. Sessions will be invalidated.
2026-02-25 12:18:57,375 [ERROR] web.app: Exception on /variable_rewards/print/1 [GET]
Traceback (most recent call last):
  File "C:\Users\kocisova\PycharmProjects\PythonProject\AirportApp\.venv\Lib\site-packages\flask\app.py", line 1511, in wsgi_app
    response = self.full_dispatch_request()
  File "C:\Users\kocisova\PycharmProjects\PythonProject\AirportApp\.venv\Lib\site-packages\flask\app.py", line 919, in full_dispatch_request
    rv = self.handle_user_exception(e)
  File "C:\Users\kocisova\PycharmProjects\PythonProject\AirportApp\.venv\Lib\site-packages\flask\app.py", line 915, in full_dispatch_request
    rv = self.preprocess_request()
  File "C:\Users\kocisova\PycharmProjects\PythonProject\AirportApp\.venv\Lib\site-packages\flask\app.py", line 1291, in preprocess_request
    rv = self.ensure_sync(before_func)()
  File "C:\Users\kocisova\PycharmProjects\PythonProject\AirportApp\web\app.py", line 1746, in enforce_session_timeout_and_single_user
    log_auth_event(
    ~~~~~~~~~~~~~~^
        user_id=session.get("user_id"),
        ^^^^^^^^^^^^^^^^^^^^^^^^^^^^^^^
    ...<7 lines>...
        details="Application restarted. Session invalidated.",
        ^^^^^^^^^^^^^^^^^^^^^^^^^^^^^^^^^^^^^^^^^^^^^^^^^^^^^^
    )
    ^
  File "C:\Users\kocisova\PycharmProjects\PythonProject\AirportApp\database\db.py", line 1228, in log_auth_event
    cur.execute(
    ~~~~~~~~~~~^
        """
        ^^^
    ...<17 lines>...
        ),
        ^^
    )
    ^
sqlite3.IntegrityError: FOREIGN KEY constraint failed
2026-02-25 12:19:29,194 [INFO] web.app: App restarted. Sessions will be invalidated.
2026-02-25 12:20:41,695 [INFO] web.app: App restarted. Sessions will be invalidated.
2026-02-25 12:20:51,184 [INFO] web.app: App restarted. Sessions will be invalidated.
2026-02-25 12:21:00,846 [INFO] web.app: App restarted. Sessions will be invalidated.
2026-02-25 12:21:27,940 [INFO] web.app: App restarted. Sessions will be invalidated.
2026-02-25 12:31:34,453 [INFO] app: App restarted. Sessions will be invalidated.
2026-02-25 12:49:02,924 [INFO] app: App restarted. Sessions will be invalidated.
2026-02-25 13:00:09,493 [INFO] web.app: App restarted. Sessions will be invalidated.
2026-02-25 13:00:32,779 [INFO] web.app: App restarted. Sessions will be invalidated.
2026-02-25 13:35:48,890 [INFO] app: App restarted. Sessions will be invalidated.
2026-03-06 10:45:24,158 [INFO] app: App restarted. Sessions will be invalidated.
2026-03-06 10:45:32,891 [ERROR] app: Exception on / [GET]
Traceback (most recent call last):
  File "C:\Users\kocisova\PycharmProjects\PythonProject\AirportApp\.venv\Lib\site-packages\flask\app.py", line 1511, in wsgi_app
    response = self.full_dispatch_request()
  File "C:\Users\kocisova\PycharmProjects\PythonProject\AirportApp\.venv\Lib\site-packages\flask\app.py", line 919, in full_dispatch_request
    rv = self.handle_user_exception(e)
  File "C:\Users\kocisova\PycharmProjects\PythonProject\AirportApp\.venv\Lib\site-packages\flask\app.py", line 915, in full_dispatch_request
    rv = self.preprocess_request()
  File "C:\Users\kocisova\PycharmProjects\PythonProject\AirportApp\.venv\Lib\site-packages\flask\app.py", line 1291, in preprocess_request
    rv = self.ensure_sync(before_func)()
  File "C:\Users\kocisova\PycharmProjects\PythonProject\AirportApp\web\app.py", line 1935, in enforce_session_timeout_and_single_user
    log_auth_event(
    ~~~~~~~~~~~~~~^
        user_id=session.get("user_id"),
        ^^^^^^^^^^^^^^^^^^^^^^^^^^^^^^^
    ...<7 lines>...
        details="Application restarted. Session invalidated.",
        ^^^^^^^^^^^^^^^^^^^^^^^^^^^^^^^^^^^^^^^^^^^^^^^^^^^^^^
    )
    ^
  File "C:\Users\kocisova\PycharmProjects\PythonProject\AirportApp\database\db.py", line 1228, in log_auth_event
    cur.execute(
    ~~~~~~~~~~~^
        """
        ^^^
    ...<17 lines>...
        ),
        ^^
    )
    ^
sqlite3.IntegrityError: FOREIGN KEY constraint failed
2026-03-06 10:45:33,186 [ERROR] app: Exception on /favicon.ico [GET]
Traceback (most recent call last):
  File "C:\Users\kocisova\PycharmProjects\PythonProject\AirportApp\.venv\Lib\site-packages\flask\app.py", line 1511, in wsgi_app
    response = self.full_dispatch_request()
  File "C:\Users\kocisova\PycharmProjects\PythonProject\AirportApp\.venv\Lib\site-packages\flask\app.py", line 919, in full_dispatch_request
    rv = self.handle_user_exception(e)
  File "C:\Users\kocisova\PycharmProjects\PythonProject\AirportApp\.venv\Lib\site-packages\flask\app.py", line 915, in full_dispatch_request
    rv = self.preprocess_request()
  File "C:\Users\kocisova\PycharmProjects\PythonProject\AirportApp\.venv\Lib\site-packages\flask\app.py", line 1291, in preprocess_request
    rv = self.ensure_sync(before_func)()
  File "C:\Users\kocisova\PycharmProjects\PythonProject\AirportApp\web\app.py", line 1935, in enforce_session_timeout_and_single_user
    log_auth_event(
    ~~~~~~~~~~~~~~^
        user_id=session.get("user_id"),
        ^^^^^^^^^^^^^^^^^^^^^^^^^^^^^^^
    ...<7 lines>...
        details="Application restarted. Session invalidated.",
        ^^^^^^^^^^^^^^^^^^^^^^^^^^^^^^^^^^^^^^^^^^^^^^^^^^^^^^
    )
    ^
  File "C:\Users\kocisova\PycharmProjects\PythonProject\AirportApp\database\db.py", line 1228, in log_auth_event
    cur.execute(
    ~~~~~~~~~~~^
        """
        ^^^
    ...<17 lines>...
        ),
        ^^
    )
    ^
sqlite3.IntegrityError: FOREIGN KEY constraint failed
2026-03-06 11:04:42,314 [INFO] app: App restarted. Sessions will be invalidated.
2026-03-06 11:30:04,068 [INFO] app: App restarted. Sessions will be invalidated.
2026-03-06 11:40:28,828 [INFO] app: App restarted. Sessions will be invalidated.
2026-03-06 11:56:32,929 [INFO] app: App restarted. Sessions will be invalidated.
2026-03-06 12:16:19,407 [INFO] app: App restarted. Sessions will be invalidated.
2026-03-06 16:06:19,294 [INFO] web.app: App restarted. Sessions will be invalidated.
2026-03-06 16:06:45,125 [INFO] app: App restarted. Sessions will be invalidated.
2026-03-06 16:13:32,359 [INFO] app: App restarted. Sessions will be invalidated.
